[2024-07-10T14:27:21.760] [DEBUG] debug-file - env: nodejsVersion=v18.20.1
[2024-07-10T14:27:22.362] [DEBUG] debug-file - Hvigor init with startParameters:{
  hvigorfileTypeCheck: false,
  parallelExecution: true,
  incrementalExecution: true,
  printStackTrace: false,
  daemon: false,
  analyze: 0,
  logLevel: Level { level: 20000, levelStr: 'INFO', colour: 'green' }
}
[2024-07-10T14:27:22.385] [DEBUG] debug-file - hvigorfile, resolving C:\Users\eastx\Documents\work\OHOS-Top3\hvigorfile.ts
[2024-07-10T14:27:24.145] [DEBUG] debug-file - hvigorfile, require result:  { appTasks: [Getter] }
[2024-07-10T14:27:24.384] [DEBUG] debug-file - Start initialize project's product build option map with build mode debug.
[2024-07-10T14:27:24.389] [DEBUG] debug-file - Product 'default' using build option: {
  "debuggable": true
} in this build.
[2024-07-10T14:27:24.402] [DEBUG] debug-file - Local scan or download hmscore sdk components toolchains,ets,native
[2024-07-10T14:27:24.397] [DEBUG] debug-file - Local scan or download HarmonyOS sdk components toolchains,ets,js,native
[2024-07-10T14:27:24.411] [DEBUG] debug-file - Sdk init in 19 ms 
[2024-07-10T14:27:24.437] [DEBUG] debug-file - Project task initialization takes 25 ms 
[2024-07-10T14:27:24.445] [DEBUG] debug-file - hvigorfile, resolving C:\Users\eastx\Documents\work\OHOS-Top3\entry\hvigorfile.ts
[2024-07-10T14:27:24.464] [DEBUG] debug-file - Start initialize module-target build option map, moduleName=entry, buildMode=debug
[2024-07-10T14:27:24.474] [DEBUG] debug-file - Module entry task initialization takes 7 ms 
[2024-07-10T14:27:24.476] [DEBUG] debug-file - project has submodules:entry
[2024-07-10T14:27:24.503] [DEBUG] debug-file - Executing task :entry:clean
[2024-07-10T14:27:24.507] [DEBUG] debug-file - entry : clean cost memory 0.24017333984375
[2024-07-10T14:27:21.762] [DEBUG] debug-file - env: hvigor-config.json5 content = { modelVersion: '5.0.0', dependencies: {} }
[2024-07-10T14:27:22.363] [DEBUG] debug-file - Since current hvigor version 5.2.2 differs from last hvigor version 
      undefined, delete file-cache.json and task-cache.json.
[2024-07-10T14:27:24.541] [DEBUG] debug-file - Current worker pool is stopped or closed.
[2024-07-10T14:27:24.145] [DEBUG] debug-file - hvigorfile, binding system plugins { appTasks: [Getter] }
[2024-07-10T14:27:24.384] [DEBUG] debug-file - Picking option from product 'default' with build mode 'debug'.
[2024-07-10T14:27:24.390] [DEBUG] debug-file - No signingConfig found, initRemoteHspCache failed.
[2024-07-10T14:27:24.437] [DEBUG] debug-file - hvigorfile, resolve finished C:\Users\eastx\Documents\work\OHOS-Top3\hvigorfile.ts
[2024-07-10T14:27:24.451] [DEBUG] debug-file - hvigorfile, require result:  { hapTasks: [Getter] }
[2024-07-10T14:27:24.464] [DEBUG] debug-file - Target 'default' config: {}
[2024-07-10T14:27:24.475] [DEBUG] debug-file - hvigorfile, resolve finished C:\Users\eastx\Documents\work\OHOS-Top3\entry\hvigorfile.ts
[2024-07-10T14:27:24.477] [DEBUG] debug-file - start to load updatedOhPackageInfo to the disk
[2024-07-10T14:27:24.503] [DEBUG] debug-file - clean: Worker pool is inactive.
[2024-07-10T14:27:24.507] [DEBUG] debug-file - runTaskFromQueue task cost before running: 2 s 166 ms 
[2024-07-10T14:27:21.764] [DEBUG] debug-file - env: daemon=false
[2024-07-10T14:27:22.364] [DEBUG] debug-file - Cache service initialization finished in 2 ms 
[2024-07-10T14:27:24.550] [DEBUG] debug-file - Current worker pool is terminated.
[2024-07-10T14:27:24.385] [DEBUG] debug-file - Product 'default' build option: {}
[2024-07-10T14:27:24.451] [DEBUG] debug-file - hvigorfile, binding system plugins { hapTasks: [Getter] }
[2024-07-10T14:27:24.464] [DEBUG] debug-file - Module 'entry' target 'default' build option: {
  "debuggable": true,
  "copyFrom": "default"
}
[2024-07-10T14:27:24.483] [DEBUG] debug-file - load to the disk finished
[2024-07-10T14:27:24.509] [INFO] debug-file - Finished :entry:clean... after 5 ms 
[2024-07-10T14:27:21.764] [DEBUG] debug-file - no-daemon, use the parent process.execArgv --max-old-space-size=8192,--expose-gc
[2024-07-10T14:27:24.385] [DEBUG] debug-file - End initialize project's product build option map with build mode 'debug'.
[2024-07-10T14:27:24.464] [DEBUG] debug-file - End initialize module-target build option map, moduleName=entry
[2024-07-10T14:27:24.485] [DEBUG] debug-file - Module OHOS-Top3 Collected Dependency: 
[2024-07-10T14:27:24.509] [DEBUG] debug-file - Executing task ::clean
[2024-07-10T14:27:24.465] [DEBUG] debug-file - Module 'entry' target 'default' using build option: {
  "debuggable": true,
  "copyFrom": "default"
} in this build.
[2024-07-10T14:27:24.485] [DEBUG] debug-file - Module OHOS-Top3's total dependency: 0
[2024-07-10T14:27:24.509] [DEBUG] debug-file - clean: Worker pool is inactive.
[2024-07-10T14:27:24.489] [DEBUG] debug-file - Module entry Collected Dependency: 
[2024-07-10T14:27:24.510] [DEBUG] debug-file - OHOS-Top3 : clean cost memory 0.0284271240234375
[2024-07-10T14:27:24.489] [DEBUG] debug-file - Module entry's total dependency: 0
[2024-07-10T14:27:24.510] [DEBUG] debug-file - runTaskFromQueue task cost before running: 2 s 168 ms 
[2024-07-10T14:27:24.494] [DEBUG] debug-file - Configuration phase cost:2 s 121 ms 
[2024-07-10T14:27:24.510] [INFO] debug-file - Finished ::clean... after 1 ms 
[2024-07-10T14:27:24.497] [DEBUG] debug-file - Configuration task cost before running: 2 s 156 ms 
[2024-07-10T14:27:24.510] [DEBUG] debug-file - Executing task :entry:init
[2024-07-10T14:27:24.511] [DEBUG] debug-file - entry : init cost memory 0.009796142578125
[2024-07-10T14:27:24.511] [DEBUG] debug-file - runTaskFromQueue task cost before running: 2 s 169 ms 
[2024-07-10T14:27:24.511] [INFO] debug-file - Finished :entry:init... after 1 ms 
[2024-07-10T14:27:24.511] [DEBUG] debug-file - Executing task ::init
[2024-07-10T14:27:24.511] [DEBUG] debug-file - OHOS-Top3 : init cost memory 0.0084991455078125
[2024-07-10T14:27:24.511] [DEBUG] debug-file - runTaskFromQueue task cost before running: 2 s 169 ms 
[2024-07-10T14:27:24.511] [INFO] debug-file - Finished ::init... after 1 ms 
[2024-07-10T14:27:24.524] [DEBUG] debug-file - Module 'entry' target 'default' using build option: {
  "debuggable": true,
  "copyFrom": "default"
} in this build.
[2024-07-10T14:27:24.528] [DEBUG] debug-file - hvigor start cli arguments:{
  prop: [ 'product=default' ],
  sync: true,
  parallel: true,
  incremental: true,
  daemon: false,
  _: [ '--analyze=normal' ]
}
[2024-07-10T14:27:24.533] [DEBUG] debug-file - Since there is no instance or instance is terminated, create a new worker pool.
[2024-07-10T14:27:24.533] [DEBUG] debug-file - Worker pool is initialized with config:  {
  minPoolNum: 2,
  maxPoolNum: undefined,
  maxCoreSize: undefined,
  cacheCapacity: undefined,
  cacheTtl: undefined
}
[2024-07-10T14:27:37.210] [DEBUG] debug-file - env: nodejsVersion=v18.20.1
[2024-07-10T14:27:37.282] [DEBUG] debug-file - env: daemon=true
[2024-07-10T14:27:37.212] [DEBUG] debug-file - env: hvigor-config.json5 content = { modelVersion: '5.0.0', dependencies: {} }
[2024-07-10T14:27:37.956] [DEBUG] debug-file - java daemon tryConnect failed Error: connect ECONNREFUSED ::1:45050
[2024-07-10T14:27:37.962] [DEBUG] debug-file - hvigor start cli arguments:{
  prop: [
    'module=entry@default',
    'product=default',
    'requiredDeviceType=phone'
  ],
  mode: 'module',
  parallel: true,
  incremental: true,
  daemon: true,
  _: [ 'assembleHap', '--analyze=normal' ]
}
[2024-07-10T14:27:37.958] [DEBUG] debug-file - java daemon started at port 45050 pid 21580
[2024-07-10T14:27:37.986] [DEBUG] debug-file - session manager: set active socket. socketId=823NskUqG4MQs-YpAAAB
[2024-07-10T14:27:38.750] [DEBUG] debug-file - Hvigor init with startParameters:{
  hvigorfileTypeCheck: false,
  parallelExecution: true,
  incrementalExecution: true,
  printStackTrace: false,
  daemon: true,
  analyze: 0,
  logLevel: Level { level: 20000, levelStr: 'INFO', colour: 'green' }
}
[2024-07-10T14:27:38.752] [DEBUG] debug-file - Cache service initialization finished in 2 ms 
[2024-07-10T14:27:38.763] [DEBUG] debug-file - hvigorfile, resolving C:\Users\eastx\Documents\work\OHOS-Top3\hvigorfile.ts
[2024-07-10T14:27:39.945] [DEBUG] debug-file - hvigorfile, require result:  {}
[2024-07-10T14:27:39.945] [DEBUG] debug-file - hvigorfile, binding system plugins {}
[2024-07-10T14:27:40.137] [DEBUG] debug-file - Start initialize project's product build option map with build mode debug.
[2024-07-10T14:27:40.137] [DEBUG] debug-file - Picking option from product 'default' with build mode 'debug'.
[2024-07-10T14:27:40.137] [DEBUG] debug-file - Product 'default' build option: {}
[2024-07-10T14:27:40.137] [DEBUG] debug-file - End initialize project's product build option map with build mode 'debug'.
[2024-07-10T14:27:40.140] [DEBUG] debug-file - Product 'default' using build option: {
  "debuggable": true
} in this build.
[2024-07-10T14:27:40.141] [DEBUG] debug-file - No signingConfig found, initRemoteHspCache failed.
[2024-07-10T14:27:40.144] [DEBUG] debug-file - Local scan or download HarmonyOS sdk components toolchains,ets,js,native
[2024-07-10T14:27:40.148] [DEBUG] debug-file - Local scan or download hmscore sdk components toolchains,ets,native
[2024-07-10T14:27:40.153] [DEBUG] debug-file - Sdk init in 12 ms 
[2024-07-10T14:27:40.168] [DEBUG] debug-file - Project task initialization takes 14 ms 
[2024-07-10T14:27:40.168] [DEBUG] debug-file - hvigorfile, resolve finished C:\Users\eastx\Documents\work\OHOS-Top3\hvigorfile.ts
[2024-07-10T14:27:40.172] [DEBUG] debug-file - hvigorfile, resolving C:\Users\eastx\Documents\work\OHOS-Top3\entry\hvigorfile.ts
[2024-07-10T14:27:40.177] [DEBUG] debug-file - hvigorfile, require result:  {}
[2024-07-10T14:27:40.177] [DEBUG] debug-file - hvigorfile, binding system plugins {}
[2024-07-10T14:27:40.185] [DEBUG] debug-file - Start initialize module-target build option map, moduleName=entry, buildMode=debug
[2024-07-10T14:27:40.185] [DEBUG] debug-file - Target 'default' config: {}
[2024-07-10T14:27:40.185] [DEBUG] debug-file - Module 'entry' target 'default' build option: {
  "debuggable": true,
  "copyFrom": "default"
}
[2024-07-10T14:27:40.186] [DEBUG] debug-file - End initialize module-target build option map, moduleName=entry
[2024-07-10T14:27:40.186] [DEBUG] debug-file - Module 'entry' target 'default' using build option: {
  "debuggable": true,
  "copyFrom": "default"
} in this build.
[2024-07-10T14:27:40.193] [DEBUG] debug-file - Module entry task initialization takes 5 ms 
[2024-07-10T14:27:40.193] [DEBUG] debug-file - hvigorfile, resolve finished C:\Users\eastx\Documents\work\OHOS-Top3\entry\hvigorfile.ts
[2024-07-10T14:27:40.265] [DEBUG] debug-file - hvigorfile, resolve hvigorfile dependencies in 71 ms 
[2024-07-10T14:27:40.265] [DEBUG] debug-file - project has submodules:entry
[2024-07-10T14:27:40.266] [DEBUG] debug-file - start to load updatedOhPackageInfo to the disk
[2024-07-10T14:27:40.273] [DEBUG] debug-file - load to the disk finished
[2024-07-10T14:27:40.274] [DEBUG] debug-file - Module OHOS-Top3 Collected Dependency: 
[2024-07-10T14:27:40.274] [DEBUG] debug-file - Module OHOS-Top3's total dependency: 0
[2024-07-10T14:27:40.277] [DEBUG] debug-file - Module entry Collected Dependency: 
[2024-07-10T14:27:40.277] [DEBUG] debug-file - Module entry's total dependency: 0
[2024-07-10T14:27:40.281] [DEBUG] debug-file - Configuration phase cost:1 s 525 ms 
[2024-07-10T14:27:40.284] [DEBUG] debug-file - Configuration task cost before running: 1 s 543 ms 
[2024-07-10T14:27:40.286] [DEBUG] debug-file - jsonObjWithoutParam {} at undefined
[2024-07-10T14:27:40.286] [DEBUG] debug-file - jsonObjWithoutParam {} at undefined
[2024-07-10T14:27:40.286] [DEBUG] debug-file - jsonObjWithoutParam {"license":"","devDependencies":{},"author":"","name":"entry","description":"Please describe the basic information.","main":"","version":"1.0.0","dependencies":{}} at undefined
[2024-07-10T14:27:40.291] [DEBUG] debug-file - Executing task :entry:default@PreBuild
[2024-07-10T14:27:40.298] [DEBUG] debug-file - Since there is no instance or instance is terminated, create a new worker pool.
[2024-07-10T14:27:40.298] [DEBUG] debug-file - Worker pool is initialized with config:  {
  minPoolNum: 2,
  maxPoolNum: undefined,
  maxCoreSize: undefined,
  cacheCapacity: undefined,
  cacheTtl: undefined
}
[2024-07-10T14:27:40.483] [DEBUG] debug-file - current product is not Atomic service.
[2024-07-10T14:27:40.484] [DEBUG] debug-file - Use tool [win32: JAVA_HOME, CLASSPATH]
 [
  { JAVA_HOME: 'C:\\Program Files\\Huawei\\DevEco Studio\\jbr' },
  { CLASSPATH: undefined }
]
[2024-07-10T14:27:40.484] [DEBUG] debug-file - Use tool [win32: NODE_HOME]
 [
  {
    NODE_HOME: 'C:\\Program Files\\Huawei\\DevEco Studio\\tools\\node'
  }
]
[2024-07-10T14:27:40.485] [DEBUG] debug-file - entry : default@PreBuild cost memory 11.00347900390625
[2024-07-10T14:27:40.485] [DEBUG] debug-file - runTaskFromQueue task cost before running: 1 s 744 ms 
[2024-07-10T14:27:40.488] [INFO] debug-file - Finished :entry:default@PreBuild... after 194 ms 
[2024-07-10T14:27:40.490] [DEBUG] debug-file - jsonObjWithoutParam {} at undefined
[2024-07-10T14:27:40.491] [DEBUG] debug-file - jsonObjWithoutParam {} at undefined
[2024-07-10T14:27:40.491] [DEBUG] debug-file - jsonObjWithoutParam {"license":"","devDependencies":{},"author":"","name":"entry","description":"Please describe the basic information.","main":"","version":"1.0.0","dependencies":{}} at undefined
[2024-07-10T14:27:40.492] [DEBUG] debug-file - Executing task :entry:default@GenerateMetadata
[2024-07-10T14:27:40.497] [DEBUG] debug-file - entry : default@GenerateMetadata cost memory 0.1122894287109375
[2024-07-10T14:27:40.497] [DEBUG] debug-file - runTaskFromQueue task cost before running: 1 s 757 ms 
[2024-07-10T14:27:40.498] [INFO] debug-file - Finished :entry:default@GenerateMetadata... after 6 ms 
[2024-07-10T14:27:40.500] [DEBUG] debug-file - jsonObjWithoutParam {} at undefined
[2024-07-10T14:27:40.500] [DEBUG] debug-file - jsonObjWithoutParam {} at undefined
[2024-07-10T14:27:40.500] [DEBUG] debug-file - jsonObjWithoutParam {"license":"","devDependencies":{},"author":"","name":"entry","description":"Please describe the basic information.","main":"","version":"1.0.0","dependencies":{}} at undefined
[2024-07-10T14:27:40.501] [DEBUG] debug-file - Executing task :entry:default@ConfigureCmake
[2024-07-10T14:27:40.501] [DEBUG] debug-file - entry : default@ConfigureCmake cost memory 0.0131683349609375
[2024-07-10T14:27:40.501] [DEBUG] debug-file - runTaskFromQueue task cost before running: 1 s 761 ms 
[2024-07-10T14:27:40.501] [INFO] debug-file - Finished :entry:default@ConfigureCmake... after 1 ms 
[2024-07-10T14:27:40.504] [DEBUG] debug-file - jsonObjWithoutParam {} at undefined
[2024-07-10T14:27:40.504] [DEBUG] debug-file - jsonObjWithoutParam {} at undefined
[2024-07-10T14:27:40.504] [DEBUG] debug-file - jsonObjWithoutParam {"license":"","devDependencies":{},"author":"","name":"entry","description":"Please describe the basic information.","main":"","version":"1.0.0","dependencies":{}} at undefined
[2024-07-10T14:27:40.505] [DEBUG] debug-file - Executing task :entry:default@MergeProfile
[2024-07-10T14:27:40.507] [DEBUG] debug-file - Change app api release type with 'Beta1'
[2024-07-10T14:27:40.507] [DEBUG] debug-file - Change app compile API version with '5.0.0.25'
[2024-07-10T14:27:40.507] [DEBUG] debug-file - Change app target API version with '50000012'
[2024-07-10T14:27:40.507] [DEBUG] debug-file - Change app minimum API version with '50000012'
[2024-07-10T14:27:40.507] [DEBUG] debug-file - Use cli appEnvironment
[2024-07-10T14:27:40.510] [DEBUG] debug-file - entry : default@MergeProfile cost memory 0.14865875244140625
[2024-07-10T14:27:40.510] [DEBUG] debug-file - runTaskFromQueue task cost before running: 1 s 770 ms 
[2024-07-10T14:27:40.511] [INFO] debug-file - Finished :entry:default@MergeProfile... after 6 ms 
[2024-07-10T14:27:40.513] [DEBUG] debug-file - jsonObjWithoutParam {} at undefined
[2024-07-10T14:27:40.513] [DEBUG] debug-file - jsonObjWithoutParam {} at undefined
[2024-07-10T14:27:40.513] [DEBUG] debug-file - jsonObjWithoutParam {"license":"","devDependencies":{},"author":"","name":"entry","description":"Please describe the basic information.","main":"","version":"1.0.0","dependencies":{}} at undefined
[2024-07-10T14:27:40.515] [DEBUG] debug-file - Executing task :entry:default@CreateBuildProfile
[2024-07-10T14:27:40.519] [DEBUG] debug-file - entry : default@CreateBuildProfile cost memory 0.0858001708984375
[2024-07-10T14:27:40.519] [DEBUG] debug-file - runTaskFromQueue task cost before running: 1 s 779 ms 
[2024-07-10T14:27:40.520] [INFO] debug-file - Finished :entry:default@CreateBuildProfile... after 5 ms 
[2024-07-10T14:27:40.522] [DEBUG] debug-file - jsonObjWithoutParam {} at undefined
[2024-07-10T14:27:40.523] [DEBUG] debug-file - jsonObjWithoutParam {} at undefined
[2024-07-10T14:27:40.523] [DEBUG] debug-file - jsonObjWithoutParam {"license":"","devDependencies":{},"author":"","name":"entry","description":"Please describe the basic information.","main":"","version":"1.0.0","dependencies":{}} at undefined
[2024-07-10T14:27:40.524] [DEBUG] debug-file - Executing task :entry:default@PreCheckSyscap
[2024-07-10T14:27:40.524] [DEBUG] debug-file - entry : default@PreCheckSyscap cost memory 0.0134429931640625
[2024-07-10T14:27:40.525] [DEBUG] debug-file - runTaskFromQueue task cost before running: 1 s 784 ms 
[2024-07-10T14:27:40.525] [INFO] debug-file - Finished :entry:default@PreCheckSyscap... after 1 ms 
[2024-07-10T14:27:40.529] [DEBUG] debug-file - jsonObjWithoutParam {} at undefined
[2024-07-10T14:27:40.530] [DEBUG] debug-file - jsonObjWithoutParam {} at undefined
[2024-07-10T14:27:40.530] [DEBUG] debug-file - jsonObjWithoutParam {"license":"","devDependencies":{},"author":"","name":"entry","description":"Please describe the basic information.","main":"","version":"1.0.0","dependencies":{}} at undefined
[2024-07-10T14:27:40.542] [DEBUG] debug-file - Executing task :entry:default@GeneratePkgContextInfo
[2024-07-10T14:27:40.543] [DEBUG] debug-file - entry : default@GeneratePkgContextInfo cost memory 0.05098724365234375
[2024-07-10T14:27:40.544] [DEBUG] debug-file - runTaskFromQueue task cost before running: 1 s 803 ms 
[2024-07-10T14:27:40.544] [INFO] debug-file - Finished :entry:default@GeneratePkgContextInfo... after 2 ms 
[2024-07-10T14:27:40.547] [DEBUG] debug-file - jsonObjWithoutParam {} at undefined
[2024-07-10T14:27:40.547] [DEBUG] debug-file - jsonObjWithoutParam {} at undefined
[2024-07-10T14:27:40.547] [DEBUG] debug-file - jsonObjWithoutParam {"license":"","devDependencies":{},"author":"","name":"entry","description":"Please describe the basic information.","main":"","version":"1.0.0","dependencies":{}} at undefined
[2024-07-10T14:27:40.549] [DEBUG] debug-file - Executing task :entry:default@ProcessIntegratedHsp
[2024-07-10T14:27:40.550] [DEBUG] debug-file - entry : default@ProcessIntegratedHsp cost memory 0.04776763916015625
[2024-07-10T14:27:40.551] [DEBUG] debug-file - runTaskFromQueue task cost before running: 1 s 810 ms 
[2024-07-10T14:27:40.551] [INFO] debug-file - Finished :entry:default@ProcessIntegratedHsp... after 2 ms 
[2024-07-10T14:27:40.554] [DEBUG] debug-file - jsonObjWithoutParam {} at undefined
[2024-07-10T14:27:40.554] [DEBUG] debug-file - jsonObjWithoutParam {} at undefined
[2024-07-10T14:27:40.554] [DEBUG] debug-file - jsonObjWithoutParam {"license":"","devDependencies":{},"author":"","name":"entry","description":"Please describe the basic information.","main":"","version":"1.0.0","dependencies":{}} at undefined
[2024-07-10T14:27:40.555] [DEBUG] debug-file - Executing task :entry:default@BuildNativeWithCmake
[2024-07-10T14:27:40.555] [DEBUG] debug-file - entry : default@BuildNativeWithCmake cost memory 0.014373779296875
[2024-07-10T14:27:40.555] [DEBUG] debug-file - runTaskFromQueue task cost before running: 1 s 815 ms 
[2024-07-10T14:27:40.556] [INFO] debug-file - Finished :entry:default@BuildNativeWithCmake... after 1 ms 
[2024-07-10T14:27:40.558] [DEBUG] debug-file - jsonObjWithoutParam {} at undefined
[2024-07-10T14:27:40.558] [DEBUG] debug-file - jsonObjWithoutParam {} at undefined
[2024-07-10T14:27:40.558] [DEBUG] debug-file - jsonObjWithoutParam {"license":"","devDependencies":{},"author":"","name":"entry","description":"Please describe the basic information.","main":"","version":"1.0.0","dependencies":{}} at undefined
[2024-07-10T14:27:40.558] [DEBUG] debug-file - Executing task :entry:default@MakePackInfo
[2024-07-10T14:27:40.562] [DEBUG] debug-file - Module Pack Info:  {
  summary: {
    app: {
      bundleName: 'com.example.healthy_life',
      bundleType: 'app',
      version: [Object]
    },
    modules: [ [Object] ]
  },
  packages: [
    {
      deviceType: [Array],
      moduleType: 'entry',
      deliveryWithInstall: true,
      name: 'entry-default'
    }
  ]
}
[2024-07-10T14:27:40.563] [DEBUG] debug-file - entry : default@MakePackInfo cost memory 0.17767333984375
[2024-07-10T14:27:40.563] [DEBUG] debug-file - runTaskFromQueue task cost before running: 1 s 822 ms 
[2024-07-10T14:27:40.563] [INFO] debug-file - Finished :entry:default@MakePackInfo... after 5 ms 
[2024-07-10T14:27:40.565] [DEBUG] debug-file - jsonObjWithoutParam {} at undefined
[2024-07-10T14:27:40.565] [DEBUG] debug-file - jsonObjWithoutParam {} at undefined
[2024-07-10T14:27:40.565] [DEBUG] debug-file - jsonObjWithoutParam {"license":"","devDependencies":{},"author":"","name":"entry","description":"Please describe the basic information.","main":"","version":"1.0.0","dependencies":{}} at undefined
[2024-07-10T14:27:40.566] [DEBUG] debug-file - Executing task :entry:default@ProcessProfile
[2024-07-10T14:27:40.568] [DEBUG] debug-file - [
  'C:\\Program Files\\Huawei\\DevEco Studio\\tools\\node\\node.exe',
  'C:\\Program Files\\Huawei\\DevEco Studio\\sdk\\HarmonyOS-NEXT-DB1\\openharmony\\ets\\build-tools\\ets-loader\\bin\\ark\\ts2abc.js',
  '--target-api-version',
  '12'
]
[2024-07-10T14:27:40.645] [DEBUG] debug-file - 12.0.2.0
[2024-07-10T14:27:40.646] [DEBUG] debug-file - entry : default@ProcessProfile cost memory 1.9366989135742188
[2024-07-10T14:27:40.646] [DEBUG] debug-file - runTaskFromQueue task cost before running: 1 s 906 ms 
[2024-07-10T14:27:40.646] [INFO] debug-file - Finished :entry:default@ProcessProfile... after 80 ms 
[2024-07-10T14:27:40.648] [DEBUG] debug-file - jsonObjWithoutParam {} at undefined
[2024-07-10T14:27:40.648] [DEBUG] debug-file - jsonObjWithoutParam {} at undefined
[2024-07-10T14:27:40.648] [DEBUG] debug-file - jsonObjWithoutParam {"license":"","devDependencies":{},"author":"","name":"entry","description":"Please describe the basic information.","main":"","version":"1.0.0","dependencies":{}} at undefined
[2024-07-10T14:27:40.649] [DEBUG] debug-file - Executing task :entry:default@SyscapTransform
[2024-07-10T14:27:40.650] [DEBUG] debug-file - entry : default@SyscapTransform cost memory 0.04018402099609375
[2024-07-10T14:27:40.650] [DEBUG] debug-file - runTaskFromQueue task cost before running: 1 s 910 ms 
[2024-07-10T14:27:40.651] [INFO] debug-file - Finished :entry:default@SyscapTransform... after 2 ms 
[2024-07-10T14:27:40.652] [DEBUG] debug-file - jsonObjWithoutParam {} at undefined
[2024-07-10T14:27:40.652] [DEBUG] debug-file - jsonObjWithoutParam {} at undefined
[2024-07-10T14:27:40.652] [DEBUG] debug-file - jsonObjWithoutParam {"license":"","devDependencies":{},"author":"","name":"entry","description":"Please describe the basic information.","main":"","version":"1.0.0","dependencies":{}} at undefined
[2024-07-10T14:27:40.653] [DEBUG] debug-file - Executing task :entry:default@ProcessRouterMap
[2024-07-10T14:27:40.658] [DEBUG] debug-file - entry : default@ProcessRouterMap cost memory 0.2242889404296875
[2024-07-10T14:27:40.658] [DEBUG] debug-file - runTaskFromQueue task cost before running: 1 s 917 ms 
[2024-07-10T14:27:40.659] [INFO] debug-file - Finished :entry:default@ProcessRouterMap... after 5 ms 
[2024-07-10T14:27:40.660] [DEBUG] debug-file - jsonObjWithoutParam {} at undefined
[2024-07-10T14:27:40.660] [DEBUG] debug-file - jsonObjWithoutParam {} at undefined
[2024-07-10T14:27:40.661] [DEBUG] debug-file - jsonObjWithoutParam {"license":"","devDependencies":{},"author":"","name":"entry","description":"Please describe the basic information.","main":"","version":"1.0.0","dependencies":{}} at undefined
[2024-07-10T14:27:40.661] [DEBUG] debug-file - Executing task :entry:default@BuildNativeWithNinja
[2024-07-10T14:27:40.662] [DEBUG] debug-file - entry : default@BuildNativeWithNinja cost memory 0.0377044677734375
[2024-07-10T14:27:40.662] [DEBUG] debug-file - runTaskFromQueue task cost before running: 1 s 922 ms 
[2024-07-10T14:27:40.662] [INFO] debug-file - Finished :entry:default@BuildNativeWithNinja... after 2 ms 
[2024-07-10T14:27:40.664] [DEBUG] debug-file - jsonObjWithoutParam {} at undefined
[2024-07-10T14:27:40.664] [DEBUG] debug-file - jsonObjWithoutParam {} at undefined
[2024-07-10T14:27:40.664] [DEBUG] debug-file - jsonObjWithoutParam {"license":"","devDependencies":{},"author":"","name":"entry","description":"Please describe the basic information.","main":"","version":"1.0.0","dependencies":{}} at undefined
[2024-07-10T14:27:40.665] [DEBUG] debug-file - restool module names: entry; moduleName=entry, taskName=default@ProcessResource
[2024-07-10T14:27:40.667] [DEBUG] debug-file - Executing task :entry:default@ProcessResource
[2024-07-10T14:27:40.668] [DEBUG] debug-file - entry : default@ProcessResource cost memory 0.09391021728515625
[2024-07-10T14:27:40.669] [DEBUG] debug-file - runTaskFromQueue task cost before running: 1 s 929 ms 
[2024-07-10T14:27:40.670] [INFO] debug-file - Finished :entry:default@ProcessResource... after 3 ms 
[2024-07-10T14:27:40.672] [DEBUG] debug-file - jsonObjWithoutParam {} at undefined
[2024-07-10T14:27:40.672] [DEBUG] debug-file - jsonObjWithoutParam {} at undefined
[2024-07-10T14:27:40.672] [DEBUG] debug-file - jsonObjWithoutParam {"license":"","devDependencies":{},"author":"","name":"entry","description":"Please describe the basic information.","main":"","version":"1.0.0","dependencies":{}} at undefined
[2024-07-10T14:27:40.675] [DEBUG] debug-file - Executing task :entry:default@GenerateLoaderJson
[2024-07-10T14:27:40.688] [DEBUG] debug-file - entry : default@GenerateLoaderJson cost memory -10.147758483886719
[2024-07-10T14:27:40.688] [DEBUG] debug-file - runTaskFromQueue task cost before running: 1 s 947 ms 
[2024-07-10T14:27:40.691] [INFO] debug-file - Finished :entry:default@GenerateLoaderJson... after 14 ms 
[2024-07-10T14:27:40.692] [DEBUG] debug-file - jsonObjWithoutParam {} at undefined
[2024-07-10T14:27:40.692] [DEBUG] debug-file - jsonObjWithoutParam {} at undefined
[2024-07-10T14:27:40.692] [DEBUG] debug-file - jsonObjWithoutParam {"license":"","devDependencies":{},"author":"","name":"entry","description":"Please describe the basic information.","main":"","version":"1.0.0","dependencies":{}} at undefined
[2024-07-10T14:27:40.694] [DEBUG] debug-file - Executing task :entry:default@ProcessLibs
[2024-07-10T14:27:40.700] [DEBUG] debug-file - default@ProcessLibs work[0] is submitted.
[2024-07-10T14:27:40.701] [DEBUG] debug-file - default@ProcessLibs work[0] is pushed to ready queue.
[2024-07-10T14:27:40.701] [DEBUG] debug-file - A work dispatched to worker[15] failed because unable to get work from ready queue.
[2024-07-10T14:27:40.703] [DEBUG] debug-file - default@ProcessLibs work[0] has been dispatched to worker[14].
[2024-07-10T14:27:40.703] [DEBUG] debug-file - default@ProcessLibs work[0] is dispatched.
[2024-07-10T14:27:40.703] [DEBUG] debug-file - entry : default@ProcessLibs cost memory 0.6641998291015625
[2024-07-10T14:27:40.705] [DEBUG] debug-file - jsonObjWithoutParam {} at undefined
[2024-07-10T14:27:40.705] [DEBUG] debug-file - jsonObjWithoutParam {} at undefined
[2024-07-10T14:27:40.705] [DEBUG] debug-file - jsonObjWithoutParam {"license":"","devDependencies":{},"author":"","name":"entry","description":"Please describe the basic information.","main":"","version":"1.0.0","dependencies":{}} at undefined
[2024-07-10T14:27:40.706] [DEBUG] debug-file - restool module names: entry; moduleName=entry, taskName=default@CompileResource
[2024-07-10T14:27:40.707] [DEBUG] debug-file - Executing task :entry:default@CompileResource
[2024-07-10T14:27:40.848] [DEBUG] debug-file - Use tool [C:\Program Files\Huawei\DevEco Studio\sdk\HarmonyOS-NEXT-DB1\openharmony\toolchains\restool.exe]
 [
  'C:\\Program Files\\Huawei\\DevEco Studio\\sdk\\HarmonyOS-NEXT-DB1\\openharmony\\toolchains\\restool.exe',
  '-l',
  'C:\\Users\\eastx\\Documents\\work\\OHOS-Top3\\entry\\build\\default\\intermediates\\res\\default\\resConfig.json'
]
[2024-07-10T14:27:40.850] [DEBUG] debug-file - current process  memoryUsage: {
  rss: 235270144,
  heapTotal: 143769600,
  heapUsed: 113317720,
  external: 1452915,
  arrayBuffers: 173905
} os memoryUsage :17.40555191040039
[2024-07-10T14:27:41.000] [DEBUG] debug-file - Info: restool resources compile success.

[2024-07-10T14:27:41.007] [DEBUG] debug-file - entry : default@CompileResource cost memory 6.475860595703125
[2024-07-10T14:27:41.007] [DEBUG] debug-file - runTaskFromQueue task cost before running: 2 s 266 ms 
[2024-07-10T14:27:41.008] [INFO] debug-file - Finished :entry:default@CompileResource... after 300 ms 
[2024-07-10T14:27:41.010] [DEBUG] debug-file - jsonObjWithoutParam {} at undefined
[2024-07-10T14:27:41.010] [DEBUG] debug-file - jsonObjWithoutParam {} at undefined
[2024-07-10T14:27:41.011] [DEBUG] debug-file - jsonObjWithoutParam {"license":"","devDependencies":{},"author":"","name":"entry","description":"Please describe the basic information.","main":"","version":"1.0.0","dependencies":{}} at undefined
[2024-07-10T14:27:41.014] [DEBUG] debug-file - Executing task :entry:default@CompileArkTS
[2024-07-10T14:27:41.036] [DEBUG] debug-file - build config:
[2024-07-10T14:27:41.036] [DEBUG] debug-file - {
  moduleType: 'entry',
  perf: 0,
  targetName: '.default',
  packageManagerType: 'ohpm',
  localPropertiesPath: 'C:\\Users\\eastx\\Documents\\work\\OHOS-Top3\\local.properties',
  isPreview: false,
  isOhosTest: false,
  buildMode: 'Debug',
  watchMode: 'false',
  aceProfilePath: 'C:\\Users\\eastx\\Documents\\work\\OHOS-Top3\\entry\\build\\default\\intermediates\\res\\default\\resources\\base\\profile',
  etsLoaderPath: 'C:\\Program Files\\Huawei\\DevEco Studio\\sdk\\HarmonyOS-NEXT-DB1\\openharmony\\ets\\build-tools\\ets-loader',
  modulePath: 'C:\\Users\\eastx\\Documents\\work\\OHOS-Top3\\entry',
  testFrameworkPar: {
    testMode: undefined,
    coveragePathFilter: undefined,
    coverageMode: undefined
  },
  needCoverageInsert: false,
  debugLine: false,
  projectTopDir: 'C:\\Users\\eastx\\Documents\\work\\OHOS-Top3',
  compileSdkVersion: 12,
  compatibleSdkVersion: 12,
  bundleName: 'com.example.healthy_life',
  etsLoaderVersion: '5.0.0.25',
  etsLoaderReleaseType: 'Beta1',
  aotCompileMode: 'type',
  apPath: 'C:\\Users\\eastx\\Documents\\work\\OHOS-Top3\\entry\\modules.ap',
  entryModuleName: 'entry',
  entryModuleVersion: '1.0.0',
  entryPackageName: 'entry',
  allModuleNameHash: 'de534faf19365de4dd410ec3e7b1ccaf',
  externalApiPaths: [
    'C:\\Program Files\\Huawei\\DevEco Studio\\sdk\\HarmonyOS-NEXT-DB1\\hms\\ets'
  ],
  compilerTypes: undefined,
  isCrossplatform: false,
  hvigorPluginFile: undefined,
  buildGeneratedProfilePath: 'C:\\Users\\eastx\\Documents\\work\\OHOS-Top3\\entry\\build\\default\\generated\\profile\\default',
  bundleType: 'app',
  arkTSVersion: undefined,
  apiVersion: 12,
  needCompleteSourcesMap: false,
  isFaMode: false,
  strictMode: undefined,
  buildDir: 'C:\\Users\\eastx\\Documents\\work\\OHOS-Top3\\entry\\build',
  deviceTypes: [ 'phone' ],
  moduleDependencies: { dependency: {} },
  projectDependencies: { dependency: {} },
  useNormalizedOHMUrl: false,
  pkgContextInfo: undefined,
  ohPackagePathMap: {},
  dependencyAliasMap: {},
  permission: { requestPermissions: [ [Object] ], definePermissions: undefined },
  integratedHsp: false,
  projectArkOption: undefined,
  sourceMapDir: undefined,
  branchElimination: false,
  transformLib: undefined,
  caseSensitiveCheck: false,
  tsImportSendable: false,
  resolveConflictMode: true,
  depName2RootPath: {},
  aceModuleJsonPath: 'C:\\Users\\eastx\\Documents\\work\\OHOS-Top3\\entry\\build\\default\\intermediates\\res\\default\\module.json',
  appResource: 'C:\\Users\\eastx\\Documents\\work\\OHOS-Top3\\entry\\build\\default\\intermediates\\res\\default\\ResourceTable.txt',
  rawFileResource: 'C:\\Users\\eastx\\Documents\\work\\OHOS-Top3\\entry\\build\\default\\intermediates\\res\\default\\resources\\rawfile',
  resourceTableHash: 'f68aff736333edfe6eddf0708a7e4f06',
  runtimeOS: 'HarmonyOS',
  sdkInfo: 'false:12:5.0.0.25:Beta1',
  aceModuleRoot: 'C:\\Users\\eastx\\Documents\\work\\OHOS-Top3\\entry\\src\\main\\ets',
  compileMode: 'esmodule',
  aceSuperVisualPath: 'C:\\Users\\eastx\\Documents\\work\\OHOS-Top3\\entry\\src\\main\\supervisual',
  aceBuildJson: 'C:\\Users\\eastx\\Documents\\work\\OHOS-Top3\\entry\\build\\default\\intermediates\\loader\\default\\loader.json',
  cachePath: 'C:\\Users\\eastx\\Documents\\work\\OHOS-Top3\\entry\\build\\default\\cache\\default\\default@CompileArkTS\\esmodule\\debug',
  aceModuleBuild: 'C:\\Users\\eastx\\Documents\\work\\OHOS-Top3\\entry\\build\\default\\intermediates\\loader_out\\default\\ets',
  supportChunks: true,
  pkgNameToPkgBriefInfo: {
    entry: {
      pkgRoot: 'C:\\Users\\eastx\\Documents\\work\\OHOS-Top3\\entry',
      originalSourceRoots: undefined,
      sourceRoots: [Array],
      pkgName: 'entry'
    }
  },
  projectModel: {
    'C:\\Users\\eastx\\Documents\\work\\OHOS-Top3\\entry\\src\\main': {
      moduleName: 'entry',
      modulePkgPath: 'C:\\Users\\eastx\\Documents\\work\\OHOS-Top3\\entry'
    },
    'C:\\Users\\eastx\\Documents\\work\\OHOS-Top3\\entry': {
      moduleName: 'entry',
      modulePkgPath: 'C:\\Users\\eastx\\Documents\\work\\OHOS-Top3\\entry'
    },
    'C:\\Users\\eastx\\Documents\\work\\OHOS-Top3': {
      moduleName: 'OHOS-Top3',
      modulePkgPath: 'C:\\Users\\eastx\\Documents\\work\\OHOS-Top3'
    }
  },
  pkgJsonFileHash: '52c5f33230ea56a2aeae467df5dcdd03',
  allModulePaths: [ 'C:\\Users\\eastx\\Documents\\work\\OHOS-Top3\\entry' ],
  routerMap: {},
  obfuscationOptions: undefined,
  mockParams: {
    decorator: '@MockSetup',
    packageName: '@ohos/hamock',
    etsSourceRootPath: 'src/main/ets',
    mockConfigPath: undefined,
    mockConfigKey2ModuleInfo: {}
  },
  otherPaths: {
    'entry/*': [
      '..\\*',
      '..\\..\\..\\build\\default\\generated\\profile\\default\\*'
    ]
  },
  collectImportersConfig: undefined
}
[2024-07-10T14:27:41.037] [DEBUG] debug-file - Compile arkts with external api path: C:\Program Files\Huawei\DevEco Studio\sdk\HarmonyOS-NEXT-DB1\hms\ets
[2024-07-10T14:27:41.038] [DEBUG] debug-file - default@CompileArkTS work[1] is submitted.
[2024-07-10T14:27:41.039] [DEBUG] debug-file - default@CompileArkTS work[1] is pushed to ready queue.
[2024-07-10T14:27:41.039] [DEBUG] debug-file - A work dispatched to worker[15] failed because unable to get work from ready queue.
[2024-07-10T14:27:41.039] [DEBUG] debug-file - A work dispatched to worker[14] failed because of worker busy.
[2024-07-10T14:27:41.039] [DEBUG] debug-file - A work dispatched to worker[13] failed because unable to get work from ready queue.
[2024-07-10T14:27:41.039] [DEBUG] debug-file - A work dispatched to worker[12] failed because unable to get work from ready queue.
[2024-07-10T14:27:41.039] [DEBUG] debug-file - A work dispatched to worker[11] failed because unable to get work from ready queue.
[2024-07-10T14:27:41.039] [DEBUG] debug-file - A work dispatched to worker[10] failed because unable to get work from ready queue.
[2024-07-10T14:27:41.039] [DEBUG] debug-file - A work dispatched to worker[9] failed because unable to get work from ready queue.
[2024-07-10T14:27:41.039] [DEBUG] debug-file - A work dispatched to worker[8] failed because unable to get work from ready queue.
[2024-07-10T14:27:41.039] [DEBUG] debug-file - A work dispatched to worker[7] failed because unable to get work from ready queue.
[2024-07-10T14:27:41.040] [DEBUG] debug-file - A work dispatched to worker[6] failed because unable to get work from ready queue.
[2024-07-10T14:27:41.040] [DEBUG] debug-file - A work dispatched to worker[5] failed because unable to get work from ready queue.
[2024-07-10T14:27:41.040] [DEBUG] debug-file - A work dispatched to worker[4] failed because unable to get work from ready queue.
[2024-07-10T14:27:41.040] [DEBUG] debug-file - A work dispatched to worker[3] failed because unable to get work from ready queue.
[2024-07-10T14:27:41.040] [DEBUG] debug-file - A work dispatched to worker[2] failed because unable to get work from ready queue.
[2024-07-10T14:27:41.040] [DEBUG] debug-file - A work dispatched to worker[1] failed because unable to get work from ready queue.
[2024-07-10T14:27:41.040] [DEBUG] debug-file - default@CompileArkTS work[1] has been dispatched to worker[0].
[2024-07-10T14:27:41.040] [DEBUG] debug-file - default@CompileArkTS work[1] is dispatched.
[2024-07-10T14:27:41.041] [DEBUG] debug-file - CopyResources startTime: 13943893189500
[2024-07-10T14:27:41.041] [DEBUG] debug-file - default@CompileArkTS work[2] is submitted.
[2024-07-10T14:27:41.042] [DEBUG] debug-file - default@CompileArkTS work[2] is pushed to ready queue.
[2024-07-10T14:27:41.042] [DEBUG] debug-file - A work dispatched to worker[15] failed because unable to get work from ready queue.
[2024-07-10T14:27:41.042] [DEBUG] debug-file - A work dispatched to worker[14] failed because of worker busy.
[2024-07-10T14:27:41.043] [DEBUG] debug-file - default@CompileArkTS work[2] has been dispatched to worker[13].
[2024-07-10T14:27:41.043] [DEBUG] debug-file - default@CompileArkTS work[2] is dispatched.
[2024-07-10T14:27:41.050] [DEBUG] debug-file - default@CompileArkTS work[3] is submitted.
[2024-07-10T14:27:41.051] [DEBUG] debug-file - default@CompileArkTS work[3] is pushed to ready queue.
[2024-07-10T14:27:41.051] [DEBUG] debug-file - A work dispatched to worker[15] failed because unable to get work from ready queue.
[2024-07-10T14:27:41.051] [DEBUG] debug-file - A work dispatched to worker[14] failed because of worker busy.
[2024-07-10T14:27:41.051] [DEBUG] debug-file - A work dispatched to worker[13] failed because of worker busy.
[2024-07-10T14:27:41.051] [DEBUG] debug-file - A work dispatched to worker[12] failed because unable to get work from ready queue.
[2024-07-10T14:27:41.051] [DEBUG] debug-file - A work dispatched to worker[11] failed because unable to get work from ready queue.
[2024-07-10T14:27:41.051] [DEBUG] debug-file - A work dispatched to worker[10] failed because unable to get work from ready queue.
[2024-07-10T14:27:41.051] [DEBUG] debug-file - A work dispatched to worker[9] failed because unable to get work from ready queue.
[2024-07-10T14:27:41.051] [DEBUG] debug-file - A work dispatched to worker[8] failed because unable to get work from ready queue.
[2024-07-10T14:27:41.051] [DEBUG] debug-file - A work dispatched to worker[7] failed because unable to get work from ready queue.
[2024-07-10T14:27:41.051] [DEBUG] debug-file - A work dispatched to worker[6] failed because unable to get work from ready queue.
[2024-07-10T14:27:41.051] [DEBUG] debug-file - A work dispatched to worker[5] failed because unable to get work from ready queue.
[2024-07-10T14:27:41.051] [DEBUG] debug-file - A work dispatched to worker[4] failed because unable to get work from ready queue.
[2024-07-10T14:27:41.051] [DEBUG] debug-file - A work dispatched to worker[3] failed because unable to get work from ready queue.
[2024-07-10T14:27:41.052] [DEBUG] debug-file - A work dispatched to worker[2] failed because unable to get work from ready queue.
[2024-07-10T14:27:41.052] [DEBUG] debug-file - default@CompileArkTS work[3] has been dispatched to worker[1].
[2024-07-10T14:27:41.052] [DEBUG] debug-file - default@CompileArkTS work[3] is dispatched.
[2024-07-10T14:27:41.052] [DEBUG] debug-file - entry : default@CompileArkTS cost memory 2.6680908203125
[2024-07-10T14:27:41.054] [DEBUG] debug-file - jsonObjWithoutParam {} at undefined
[2024-07-10T14:27:41.054] [DEBUG] debug-file - jsonObjWithoutParam {} at undefined
[2024-07-10T14:27:41.054] [DEBUG] debug-file - jsonObjWithoutParam {"license":"","devDependencies":{},"author":"","name":"entry","description":"Please describe the basic information.","main":"","version":"1.0.0","dependencies":{}} at undefined
[2024-07-10T14:27:41.057] [DEBUG] debug-file - Executing task :entry:default@BuildJS
[2024-07-10T14:27:41.060] [DEBUG] debug-file - entry : default@BuildJS cost memory 0.14288330078125
[2024-07-10T14:27:41.060] [DEBUG] debug-file - runTaskFromQueue task cost before running: 2 s 319 ms 
[2024-07-10T14:27:41.060] [INFO] debug-file - Finished :entry:default@BuildJS... after 4 ms 
[2024-07-10T14:27:41.862] [DEBUG] debug-file - default@ProcessLibs work[0] done.
[2024-07-10T14:27:41.863] [DEBUG] debug-file - A work dispatched to worker[14] failed because unable to get work from ready queue.
[2024-07-10T14:27:41.864] [INFO] debug-file - Finished :entry:default@ProcessLibs... after 1 s 169 ms 
[2024-07-10T14:27:41.867] [DEBUG] debug-file - jsonObjWithoutParam {} at undefined
[2024-07-10T14:27:41.867] [DEBUG] debug-file - jsonObjWithoutParam {} at undefined
[2024-07-10T14:27:41.868] [DEBUG] debug-file - jsonObjWithoutParam {"license":"","devDependencies":{},"author":"","name":"entry","description":"Please describe the basic information.","main":"","version":"1.0.0","dependencies":{}} at undefined
[2024-07-10T14:27:41.870] [DEBUG] debug-file - Executing task :entry:default@DoNativeStrip
[2024-07-10T14:27:41.871] [DEBUG] debug-file - default@DoNativeStrip work[4] is submitted.
[2024-07-10T14:27:41.872] [DEBUG] debug-file - default@DoNativeStrip work[4] is pushed to ready queue.
[2024-07-10T14:27:41.872] [DEBUG] debug-file - A work dispatched to worker[15] failed because unable to get work from ready queue.
[2024-07-10T14:27:41.872] [DEBUG] debug-file - default@DoNativeStrip work[4] has been dispatched to worker[14].
[2024-07-10T14:27:41.872] [DEBUG] debug-file - default@DoNativeStrip work[4] is dispatched.
[2024-07-10T14:27:41.872] [DEBUG] debug-file - entry : default@DoNativeStrip cost memory 0.15362548828125
[2024-07-10T14:27:41.886] [DEBUG] debug-file - Do not need strip, copying .so files to stripped_native_libs
[2024-07-10T14:27:41.903] [DEBUG] debug-file - default@DoNativeStrip work[4] done.
[2024-07-10T14:27:41.904] [DEBUG] debug-file - A work dispatched to worker[14] failed because unable to get work from ready queue.
[2024-07-10T14:27:41.904] [INFO] debug-file - Finished :entry:default@DoNativeStrip... after 34 ms 
[2024-07-10T14:27:41.907] [DEBUG] debug-file - jsonObjWithoutParam {} at undefined
[2024-07-10T14:27:41.907] [DEBUG] debug-file - jsonObjWithoutParam {} at undefined
[2024-07-10T14:27:41.907] [DEBUG] debug-file - jsonObjWithoutParam {"license":"","devDependencies":{},"author":"","name":"entry","description":"Please describe the basic information.","main":"","version":"1.0.0","dependencies":{}} at undefined
[2024-07-10T14:27:41.909] [DEBUG] debug-file - Executing task :entry:default@CacheNativeLibs
[2024-07-10T14:27:41.910] [DEBUG] debug-file - default@CacheNativeLibs work[5] is submitted.
[2024-07-10T14:27:41.911] [DEBUG] debug-file - default@CacheNativeLibs work[5] is pushed to ready queue.
[2024-07-10T14:27:41.911] [DEBUG] debug-file - A work dispatched to worker[15] failed because unable to get work from ready queue.
[2024-07-10T14:27:41.911] [DEBUG] debug-file - default@CacheNativeLibs work[5] has been dispatched to worker[14].
[2024-07-10T14:27:41.912] [DEBUG] debug-file - default@CacheNativeLibs work[5] is dispatched.
[2024-07-10T14:27:41.912] [DEBUG] debug-file - entry : default@CacheNativeLibs cost memory 0.13951873779296875
[2024-07-10T14:27:42.075] [DEBUG] debug-file - CopyResources is end, endTime: 13944927687500
[2024-07-10T14:27:42.076] [DEBUG] debug-file - default@CompileArkTS work[2] done.
[2024-07-10T14:27:42.076] [DEBUG] debug-file - A work dispatched to worker[13] failed because unable to get work from ready queue.
[2024-07-10T14:27:42.400] [DEBUG] debug-file - default@CacheNativeLibs work[5] done.
[2024-07-10T14:27:42.400] [DEBUG] debug-file - A work dispatched to worker[14] failed because unable to get work from ready queue.
[2024-07-10T14:27:42.401] [INFO] debug-file - Finished :entry:default@CacheNativeLibs... after 491 ms 
[2024-07-10T14:27:48.644] [DEBUG] debug-file - Ark compile task finished.finished time is 13951495838400
[2024-07-10T14:27:48.648] [DEBUG] debug-file - default@CompileArkTS work[3] done.
[2024-07-10T14:27:48.649] [DEBUG] debug-file - A work dispatched to worker[1] failed because unable to get work from ready queue.
[2024-07-10T14:27:53.233] [INFO] debug-file - [33mWARN: [33mArkTS:WARN File: C:/Users/eastx/Documents/work/OHOS-Top3/entry/src/main/ets/view/HomeComponent.ets:162:8
 'onScroll' has been deprecated.
[39m

[2024-07-10T14:27:53.233] [DEBUG] debug-file - Ark compile task finished.finished time is 13956085509000
[2024-07-10T14:27:53.238] [DEBUG] debug-file - default@CompileArkTS work[1] done.
[2024-07-10T14:27:53.238] [DEBUG] debug-file - A work dispatched to worker[0] failed because unable to get work from ready queue.
[2024-07-10T14:27:53.240] [INFO] debug-file - Finished :entry:default@CompileArkTS... after 12 s 225 ms 
[2024-07-10T14:27:53.241] [DEBUG] debug-file - jsonObjWithoutParam {} at undefined
[2024-07-10T14:27:53.241] [DEBUG] debug-file - jsonObjWithoutParam {} at undefined
[2024-07-10T14:27:53.242] [DEBUG] debug-file - jsonObjWithoutParam {"license":"","devDependencies":{},"author":"","name":"entry","description":"Please describe the basic information.","main":"","version":"1.0.0","dependencies":{}} at undefined
[2024-07-10T14:27:53.242] [DEBUG] debug-file - Executing task :entry:default@GeneratePkgModuleJson
[2024-07-10T14:27:53.244] [DEBUG] debug-file - entry : default@GeneratePkgModuleJson cost memory 0.051116943359375
[2024-07-10T14:27:53.244] [DEBUG] debug-file - runTaskFromQueue task cost before running: 14 s 504 ms 
[2024-07-10T14:27:53.245] [INFO] debug-file - Finished :entry:default@GeneratePkgModuleJson... after 3 ms 
[2024-07-10T14:27:53.247] [DEBUG] debug-file - jsonObjWithoutParam {} at undefined
[2024-07-10T14:27:53.247] [DEBUG] debug-file - jsonObjWithoutParam {} at undefined
[2024-07-10T14:27:53.247] [DEBUG] debug-file - jsonObjWithoutParam {"license":"","devDependencies":{},"author":"","name":"entry","description":"Please describe the basic information.","main":"","version":"1.0.0","dependencies":{}} at undefined
[2024-07-10T14:27:53.251] [DEBUG] debug-file - Executing task :entry:default@PackageHap
[2024-07-10T14:27:53.259] [DEBUG] debug-file - Use tool [C:\Program Files\Huawei\DevEco Studio\sdk\HarmonyOS-NEXT-DB1\openharmony\toolchains\lib\app_packing_tool.jar]
 [
  'java',
  '-Dfile.encoding=GBK',
  '-jar',
  'C:\\Program Files\\Huawei\\DevEco Studio\\sdk\\HarmonyOS-NEXT-DB1\\openharmony\\toolchains\\lib\\app_packing_tool.jar',
  '--mode',
  'hap',
  '--force',
  'true',
  '--lib-path',
  'C:\\Users\\eastx\\Documents\\work\\OHOS-Top3\\entry\\build\\default\\intermediates\\stripped_native_libs\\default',
  '--json-path',
  'C:\\Users\\eastx\\Documents\\work\\OHOS-Top3\\entry\\build\\default\\intermediates\\package\\default\\module.json',
  '--resources-path',
  'C:\\Users\\eastx\\Documents\\work\\OHOS-Top3\\entry\\build\\default\\intermediates\\res\\default\\resources',
  '--index-path',
  'C:\\Users\\eastx\\Documents\\work\\OHOS-Top3\\entry\\build\\default\\intermediates\\res\\default\\resources.index',
  '--pack-info-path',
  'C:\\Users\\eastx\\Documents\\work\\OHOS-Top3\\entry\\build\\default\\outputs\\default\\pack.info',
  '--out-path',
  'C:\\Users\\eastx\\Documents\\work\\OHOS-Top3\\entry\\build\\default\\outputs\\default\\entry-default-unsigned.hap',
  '--ets-path',
  'C:\\Users\\eastx\\Documents\\work\\OHOS-Top3\\entry\\build\\default\\intermediates\\loader_out\\default\\ets'
]
[2024-07-10T14:27:53.261] [DEBUG] debug-file - default@PackageHap work[6] is submitted.
[2024-07-10T14:27:53.262] [DEBUG] debug-file - default@PackageHap work[6] is pushed to ready queue.
[2024-07-10T14:27:53.262] [DEBUG] debug-file - A work dispatched to worker[15] failed because unable to get work from ready queue.
[2024-07-10T14:27:53.262] [DEBUG] debug-file - default@PackageHap work[6] has been dispatched to worker[14].
[2024-07-10T14:27:53.262] [DEBUG] debug-file - default@PackageHap work[6] is dispatched.
[2024-07-10T14:27:53.265] [DEBUG] debug-file - entry : default@PackageHap cost memory 0.7515182495117188
[2024-07-10T14:27:53.266] [DEBUG] debug-file - current process  memoryUsage: {
  rss: 1069522944,
  heapTotal: 57651200,
  heapUsed: 54073752,
  external: 2099763,
  arrayBuffers: 25066
} os memoryUsage :18.114238739013672
[2024-07-10T14:27:53.741] [DEBUG] debug-file - default@PackageHap work[6] done.
[2024-07-10T14:27:53.742] [DEBUG] debug-file - A work dispatched to worker[14] failed because unable to get work from ready queue.
[2024-07-10T14:27:53.743] [INFO] debug-file - Finished :entry:default@PackageHap... after 491 ms 
[2024-07-10T14:27:53.745] [DEBUG] debug-file - jsonObjWithoutParam {} at undefined
[2024-07-10T14:27:53.745] [DEBUG] debug-file - jsonObjWithoutParam {} at undefined
[2024-07-10T14:27:53.746] [DEBUG] debug-file - jsonObjWithoutParam {"license":"","devDependencies":{},"author":"","name":"entry","description":"Please describe the basic information.","main":"","version":"1.0.0","dependencies":{}} at undefined
[2024-07-10T14:27:53.748] [DEBUG] debug-file - Executing task :entry:default@SignHap
[2024-07-10T14:27:53.749] [WARN] debug-file - Will skip sign 'hos_hap'. No signingConfigs profile is configured in current project.
             If needed, configure the signingConfigs in C:\Users\eastx\Documents\work\OHOS-Top3\build-profile.json5.
[2024-07-10T14:27:53.751] [DEBUG] debug-file - entry : default@SignHap cost memory 0.09378814697265625
[2024-07-10T14:27:53.751] [DEBUG] debug-file - runTaskFromQueue task cost before running: 15 s 10 ms 
[2024-07-10T14:27:53.751] [INFO] debug-file - Finished :entry:default@SignHap... after 3 ms 
[2024-07-10T14:27:53.754] [DEBUG] debug-file - Executing task :entry:assembleHap
[2024-07-10T14:27:53.754] [DEBUG] debug-file - entry : assembleHap cost memory 0.01158905029296875
[2024-07-10T14:27:53.754] [DEBUG] debug-file - runTaskFromQueue task cost before running: 15 s 13 ms 
[2024-07-10T14:27:53.754] [INFO] debug-file - Finished :entry:assembleHap... after 1 ms 
[2024-07-10T14:27:53.766] [DEBUG] debug-file - Update task entry:default@PreBuild input file:C:\Users\eastx\Documents\work\OHOS-Top3\AppScope\app.json5 cache by regenerate.
[2024-07-10T14:27:53.767] [DEBUG] debug-file - Update task entry:default@PreBuild input file:C:\Users\eastx\Documents\work\OHOS-Top3\entry\src\main\module.json5 cache by regenerate.
[2024-07-10T14:27:53.768] [DEBUG] debug-file - Update task entry:default@PreBuild input file:C:\Users\eastx\Documents\work\OHOS-Top3\entry\src\main\resources\base\profile\form_config.json cache by regenerate.
[2024-07-10T14:27:53.768] [DEBUG] debug-file - Update task entry:default@PreBuild input file:C:\Users\eastx\Documents\work\OHOS-Top3\build-profile.json5 cache by regenerate.
[2024-07-10T14:27:53.768] [DEBUG] debug-file - Update task entry:default@PreBuild input file:C:\Users\eastx\Documents\work\OHOS-Top3\entry\build-profile.json5 cache by regenerate.
[2024-07-10T14:27:53.769] [DEBUG] debug-file - Update task entry:default@PreBuild input file:C:\Users\eastx\Documents\work\OHOS-Top3\entry\src\main\resources\base\profile\main_pages.json cache by regenerate.
[2024-07-10T14:27:53.769] [DEBUG] debug-file - Update task entry:default@PreBuild input file:C:\Users\eastx\Documents\work\OHOS-Top3\hvigor\hvigor-config.json5 cache by regenerate.
[2024-07-10T14:27:53.769] [DEBUG] debug-file - Update task entry:default@PreBuild input file:C:\Users\eastx\Documents\work\OHOS-Top3\entry\oh-package.json5 cache by regenerate.
[2024-07-10T14:27:53.770] [DEBUG] debug-file - Incremental task entry:default@PreBuild post-execution cost:5 ms .
[2024-07-10T14:27:53.770] [DEBUG] debug-file - Update task entry:default@GenerateMetadata input file:C:\Users\eastx\Documents\work\OHOS-Top3\entry\src\main\module.json5 cache by regenerate.
[2024-07-10T14:27:53.771] [DEBUG] debug-file - Update task entry:default@GenerateMetadata output file:C:\Users\eastx\Documents\work\OHOS-Top3\entry\build\default\intermediates\hap_metadata\default\output_metadata.json cache.
[2024-07-10T14:27:53.771] [DEBUG] debug-file - Incremental task entry:default@GenerateMetadata post-execution cost:2 ms .
[2024-07-10T14:27:53.772] [DEBUG] debug-file - Update task entry:default@MergeProfile input file:C:\Users\eastx\Documents\work\OHOS-Top3\AppScope\app.json5 cache by regenerate.
[2024-07-10T14:27:53.772] [DEBUG] debug-file - Update task entry:default@MergeProfile input file:C:\Users\eastx\Documents\work\OHOS-Top3\build-profile.json5 cache by regenerate.
[2024-07-10T14:27:53.772] [DEBUG] debug-file - Update task entry:default@MergeProfile input file:C:\Users\eastx\Documents\work\OHOS-Top3\entry\src\main\module.json5 cache by regenerate.
[2024-07-10T14:27:53.772] [DEBUG] debug-file - Update task entry:default@MergeProfile output file:C:\Users\eastx\Documents\work\OHOS-Top3\entry\build\default\intermediates\merge_profile\default\module.json cache.
[2024-07-10T14:27:53.773] [DEBUG] debug-file - Incremental task entry:default@MergeProfile post-execution cost:2 ms .
[2024-07-10T14:27:53.773] [DEBUG] debug-file - Update task entry:default@CreateBuildProfile input file:C:\Users\eastx\Documents\work\OHOS-Top3\AppScope\app.json5 cache by regenerate.
[2024-07-10T14:27:53.773] [DEBUG] debug-file - Update task entry:default@CreateBuildProfile input file:C:\Users\eastx\Documents\work\OHOS-Top3\build-profile.json5 cache by regenerate.
[2024-07-10T14:27:53.774] [DEBUG] debug-file - Update task entry:default@CreateBuildProfile output file:C:\Users\eastx\Documents\work\OHOS-Top3\entry\build\default\generated\profile\default\BuildProfile.ets cache.
[2024-07-10T14:27:53.774] [DEBUG] debug-file - Incremental task entry:default@CreateBuildProfile post-execution cost:2 ms .
[2024-07-10T14:27:53.774] [DEBUG] debug-file - Update task entry:default@GeneratePkgContextInfo output file:C:\Users\eastx\Documents\work\OHOS-Top3\entry\build\default\intermediates\loader\default\pkgContextInfo.json cache.
[2024-07-10T14:27:53.775] [DEBUG] debug-file - Incremental task entry:default@GeneratePkgContextInfo post-execution cost:1 ms .
[2024-07-10T14:27:53.775] [DEBUG] debug-file - Update task entry:default@ProcessIntegratedHsp output file:C:\Users\eastx\Documents\work\OHOS-Top3\build\cache\default\integrated_hsp\integratedHspCache.json cache.
[2024-07-10T14:27:53.776] [DEBUG] debug-file - Incremental task entry:default@ProcessIntegratedHsp post-execution cost:1 ms .
[2024-07-10T14:27:53.776] [DEBUG] debug-file - Update task entry:default@MakePackInfo input file:C:\Users\eastx\Documents\work\OHOS-Top3\AppScope\app.json5 cache by regenerate.
[2024-07-10T14:27:53.776] [DEBUG] debug-file - Update task entry:default@MakePackInfo input file:C:\Users\eastx\Documents\work\OHOS-Top3\entry\src\main\module.json5 cache by regenerate.
[2024-07-10T14:27:53.776] [DEBUG] debug-file - Update task entry:default@MakePackInfo input file:C:\Users\eastx\Documents\work\OHOS-Top3\build-profile.json5 cache by regenerate.
[2024-07-10T14:27:53.776] [DEBUG] debug-file - Update task entry:default@MakePackInfo input file:C:\Users\eastx\Documents\work\OHOS-Top3\entry\src\main\resources\base\profile\form_config.json cache by regenerate.
[2024-07-10T14:27:53.777] [DEBUG] debug-file - Update task entry:default@MakePackInfo output file:C:\Users\eastx\Documents\work\OHOS-Top3\entry\build\default\outputs\default\pack.info cache.
[2024-07-10T14:27:53.777] [DEBUG] debug-file - Incremental task entry:default@MakePackInfo post-execution cost:2 ms .
[2024-07-10T14:27:53.777] [DEBUG] debug-file - Update task entry:default@ProcessProfile input file:C:\Users\eastx\Documents\work\OHOS-Top3\entry\build\default\intermediates\merge_profile\default\module.json cache by regenerate.
[2024-07-10T14:27:53.778] [DEBUG] debug-file - Update task entry:default@ProcessProfile output file:C:\Users\eastx\Documents\work\OHOS-Top3\entry\build\default\intermediates\process_profile\default\module.json cache.
[2024-07-10T14:27:53.778] [DEBUG] debug-file - Incremental task entry:default@ProcessProfile post-execution cost:1 ms .
[2024-07-10T14:27:53.779] [DEBUG] debug-file - Update task entry:default@SyscapTransform input file:C:\Program Files\Huawei\DevEco Studio\sdk\HarmonyOS-NEXT-DB1\openharmony\toolchains\syscap_tool.exe cache by regenerate.
[2024-07-10T14:27:53.779] [DEBUG] debug-file - Update task entry:default@SyscapTransform input file:C:\Program Files\Huawei\DevEco Studio\sdk\HarmonyOS-NEXT-DB1\openharmony\ets\api\device-define cache by regenerate.
[2024-07-10T14:27:53.780] [DEBUG] debug-file - Update task entry:default@SyscapTransform output file:C:\Users\eastx\Documents\work\OHOS-Top3\entry\build\default\intermediates\syscap\default\rpcid.sc cache.
[2024-07-10T14:27:53.781] [DEBUG] debug-file - Incremental task entry:default@SyscapTransform post-execution cost:3 ms .
[2024-07-10T14:27:53.782] [DEBUG] debug-file - Update task entry:default@ProcessRouterMap input file:C:\Users\eastx\Documents\work\OHOS-Top3\entry\oh-package.json5 cache by regenerate.
[2024-07-10T14:27:53.782] [DEBUG] debug-file - Update task entry:default@ProcessRouterMap input file:C:\Users\eastx\Documents\work\OHOS-Top3\oh-package.json5 cache by regenerate.
[2024-07-10T14:27:53.782] [DEBUG] debug-file - Update task entry:default@ProcessRouterMap input file:C:\Users\eastx\Documents\work\OHOS-Top3\entry\src\main\module.json5 cache by regenerate.
[2024-07-10T14:27:53.783] [DEBUG] debug-file - Update task entry:default@ProcessRouterMap output file:C:\Users\eastx\Documents\work\OHOS-Top3\entry\build\default\intermediates\router_map\default\intermediates_temp_routerMap.json cache.
[2024-07-10T14:27:53.783] [DEBUG] debug-file - Update task entry:default@ProcessRouterMap output file:C:\Users\eastx\Documents\work\OHOS-Top3\entry\build\default\intermediates\router_map\default\intermediate_routerMap_for_loader.json cache.
[2024-07-10T14:27:53.783] [DEBUG] debug-file - Incremental task entry:default@ProcessRouterMap post-execution cost:3 ms .
[2024-07-10T14:27:53.783] [DEBUG] debug-file - Update task entry:default@ProcessResource output file:C:\Users\eastx\Documents\work\OHOS-Top3\entry\build\default\intermediates\res\default\resConfig.json cache.
[2024-07-10T14:27:53.784] [DEBUG] debug-file - Incremental task entry:default@ProcessResource post-execution cost:1 ms .
[2024-07-10T14:27:53.786] [DEBUG] debug-file - Update task entry:default@GenerateLoaderJson input file:C:\Users\eastx\Documents\work\OHOS-Top3\entry\build\default\intermediates\router_map\default\intermediates_temp_routerMap.json cache by regenerate.
[2024-07-10T14:27:53.786] [DEBUG] debug-file - Update task entry:default@GenerateLoaderJson output file:C:\Users\eastx\Documents\work\OHOS-Top3\entry\build\default\intermediates\loader\default\loader.json cache.
[2024-07-10T14:27:53.787] [DEBUG] debug-file - Incremental task entry:default@GenerateLoaderJson post-execution cost:3 ms .
[2024-07-10T14:27:53.787] [DEBUG] debug-file - Update task entry:default@ProcessLibs input file:C:\Users\eastx\Documents\work\OHOS-Top3\build-profile.json5 cache by regenerate.
[2024-07-10T14:27:53.787] [DEBUG] debug-file - Update task entry:default@ProcessLibs input file:C:\Users\eastx\Documents\work\OHOS-Top3\entry\build-profile.json5 cache by regenerate.
[2024-07-10T14:27:53.788] [DEBUG] debug-file - Update task entry:default@ProcessLibs output file:C:\Users\eastx\Documents\work\OHOS-Top3\entry\build\default\intermediates\libs\default cache.
[2024-07-10T14:27:53.788] [DEBUG] debug-file - Incremental task entry:default@ProcessLibs post-execution cost:2 ms .
[2024-07-10T14:27:53.789] [DEBUG] debug-file - Update task entry:default@CompileResource input file:C:\Users\eastx\Documents\work\OHOS-Top3\entry\src\main\resources cache by regenerate.
[2024-07-10T14:27:53.800] [DEBUG] debug-file - Update task entry:default@CompileResource input file:C:\Users\eastx\Documents\work\OHOS-Top3\AppScope\resources cache by regenerate.
[2024-07-10T14:27:53.801] [DEBUG] debug-file - Update task entry:default@CompileResource input file:C:\Users\eastx\Documents\work\OHOS-Top3\entry\build\default\intermediates\process_profile\default\module.json cache by regenerate.
[2024-07-10T14:27:53.801] [DEBUG] debug-file - Update task entry:default@CompileResource input file:C:\Users\eastx\Documents\work\OHOS-Top3\entry\build\default\intermediates\res\default\resConfig.json cache by regenerate.
[2024-07-10T14:27:53.801] [DEBUG] debug-file - Update task entry:default@CompileResource output file:C:\Users\eastx\Documents\work\OHOS-Top3\entry\build\default\intermediates\res\default cache.
[2024-07-10T14:27:53.810] [DEBUG] debug-file - Update task entry:default@CompileResource output file:C:\Users\eastx\Documents\work\OHOS-Top3\entry\build\default\generated\r\default\ResourceTable.h cache.
[2024-07-10T14:27:53.811] [DEBUG] debug-file - Update task entry:default@CompileResource output file:C:\Users\eastx\Documents\work\OHOS-Top3\entry\build\default\generated\r\default cache.
[2024-07-10T14:27:53.811] [DEBUG] debug-file - Incremental task entry:default@CompileResource post-execution cost:23 ms .
[2024-07-10T14:27:53.812] [DEBUG] debug-file - Update task entry:default@CompileArkTS input file:C:\Users\eastx\Documents\work\OHOS-Top3\entry\build\default\intermediates\loader\default cache by regenerate.
[2024-07-10T14:27:53.812] [DEBUG] debug-file - Update task entry:default@CompileArkTS input file:C:\Users\eastx\Documents\work\OHOS-Top3\entry\build\default\intermediates\res\default\ResourceTable.txt cache by regenerate.
[2024-07-10T14:27:53.813] [DEBUG] debug-file - Update task entry:default@CompileArkTS input file:C:\Users\eastx\Documents\work\OHOS-Top3\entry\build\default\intermediates\res\default\module.json cache by regenerate.
[2024-07-10T14:27:53.813] [DEBUG] debug-file - Update task entry:default@CompileArkTS input file:C:\Users\eastx\Documents\work\OHOS-Top3\entry\build\default\intermediates\res\default\resources\base\profile cache by regenerate.
[2024-07-10T14:27:53.813] [DEBUG] debug-file - Update task entry:default@CompileArkTS input file:C:\Users\eastx\Documents\work\OHOS-Top3\entry\src\main\ets cache by regenerate.
[2024-07-10T14:27:53.821] [DEBUG] debug-file - Update task entry:default@CompileArkTS input file:C:\Users\eastx\Documents\work\OHOS-Top3\entry\src\main\resources\base\profile\form_config.json cache by regenerate.
[2024-07-10T14:27:53.822] [DEBUG] debug-file - Update task entry:default@CompileArkTS input file:C:\Users\eastx\Documents\work\OHOS-Top3\entry\build\default\generated\profile\default\BuildProfile.ets cache by regenerate.
[2024-07-10T14:27:53.822] [DEBUG] debug-file - Update task entry:default@CompileArkTS output file:C:\Users\eastx\Documents\work\OHOS-Top3\entry\build\default\intermediates\loader_out\default\ets cache.
[2024-07-10T14:27:53.823] [DEBUG] debug-file - Incremental task entry:default@CompileArkTS post-execution cost:12 ms .
[2024-07-10T14:27:53.823] [DEBUG] debug-file - Update task entry:default@BuildJS input file:C:\Users\eastx\Documents\work\OHOS-Top3\entry\build\default\intermediates\loader\default cache by regenerate.
[2024-07-10T14:27:53.824] [DEBUG] debug-file - Update task entry:default@BuildJS input file:C:\Users\eastx\Documents\work\OHOS-Top3\entry\build\default\intermediates\res\default\ResourceTable.txt cache by regenerate.
[2024-07-10T14:27:53.824] [DEBUG] debug-file - Update task entry:default@BuildJS input file:C:\Users\eastx\Documents\work\OHOS-Top3\entry\build\default\intermediates\res\default\module.json cache by regenerate.
[2024-07-10T14:27:53.824] [DEBUG] debug-file - Update task entry:default@BuildJS input file:C:\Users\eastx\Documents\work\OHOS-Top3\entry\build\default\intermediates\res\default\resources\base\profile cache by regenerate.
[2024-07-10T14:27:53.824] [DEBUG] debug-file - Update task entry:default@BuildJS output file:C:\Users\eastx\Documents\work\OHOS-Top3\entry\build\default\intermediates\loader_out\default\js cache.
[2024-07-10T14:27:53.825] [DEBUG] debug-file - Incremental task entry:default@BuildJS post-execution cost:2 ms .
[2024-07-10T14:27:53.825] [DEBUG] debug-file - Update task entry:default@DoNativeStrip input file:C:\Users\eastx\Documents\work\OHOS-Top3\entry\build\default\intermediates\libs\default cache by regenerate.
[2024-07-10T14:27:53.825] [DEBUG] debug-file - Update task entry:default@DoNativeStrip output file:C:\Users\eastx\Documents\work\OHOS-Top3\entry\build\default\intermediates\stripped_native_libs\default cache.
[2024-07-10T14:27:53.825] [DEBUG] debug-file - Incremental task entry:default@DoNativeStrip post-execution cost:1 ms .
[2024-07-10T14:27:53.825] [DEBUG] debug-file - Update task entry:default@CacheNativeLibs input file:C:\Users\eastx\Documents\work\OHOS-Top3\entry\build\default\intermediates\libs\default cache by regenerate.
[2024-07-10T14:27:53.825] [DEBUG] debug-file - Update task entry:default@CacheNativeLibs input file:C:\Users\eastx\Documents\work\OHOS-Top3\entry\build\default\intermediates\stripped_native_libs\default cache by regenerate.
[2024-07-10T14:27:53.826] [DEBUG] debug-file - Update task entry:default@CacheNativeLibs output file:C:\Users\eastx\Documents\work\OHOS-Top3\entry\build\default\intermediates\patch\default\base_native_libs.json cache.
[2024-07-10T14:27:53.826] [DEBUG] debug-file - Incremental task entry:default@CacheNativeLibs post-execution cost:1 ms .
[2024-07-10T14:27:53.826] [DEBUG] debug-file - Update task entry:default@GeneratePkgModuleJson input file:C:\Users\eastx\Documents\work\OHOS-Top3\entry\build\default\intermediates\res\default\module.json cache by regenerate.
[2024-07-10T14:27:53.826] [DEBUG] debug-file - Update task entry:default@GeneratePkgModuleJson output file:C:\Users\eastx\Documents\work\OHOS-Top3\entry\build\default\intermediates\package\default\module.json cache.
[2024-07-10T14:27:53.826] [DEBUG] debug-file - Incremental task entry:default@GeneratePkgModuleJson post-execution cost:1 ms .
[2024-07-10T14:27:53.827] [DEBUG] debug-file - Update task entry:default@PackageHap input file:C:\Users\eastx\Documents\work\OHOS-Top3\entry\build\default\intermediates\stripped_native_libs\default cache by regenerate.
[2024-07-10T14:27:53.827] [DEBUG] debug-file - Update task entry:default@PackageHap input file:C:\Users\eastx\Documents\work\OHOS-Top3\entry\build\default\intermediates\res\default\module.json cache by regenerate.
[2024-07-10T14:27:53.827] [DEBUG] debug-file - Update task entry:default@PackageHap input file:C:\Users\eastx\Documents\work\OHOS-Top3\entry\build\default\intermediates\res\default\resources cache by regenerate.
[2024-07-10T14:27:53.833] [DEBUG] debug-file - Update task entry:default@PackageHap input file:C:\Users\eastx\Documents\work\OHOS-Top3\entry\build\default\intermediates\res\default\resources.index cache by regenerate.
[2024-07-10T14:27:53.833] [DEBUG] debug-file - Update task entry:default@PackageHap input file:C:\Users\eastx\Documents\work\OHOS-Top3\entry\build\default\outputs\default\pack.info cache by regenerate.
[2024-07-10T14:27:53.833] [DEBUG] debug-file - Update task entry:default@PackageHap input file:C:\Users\eastx\Documents\work\OHOS-Top3\entry\build\default\intermediates\loader_out\default\ets cache by regenerate.
[2024-07-10T14:27:53.834] [DEBUG] debug-file - Update task entry:default@PackageHap input file:C:\Users\eastx\Documents\work\OHOS-Top3\entry\build\default\generated\profile\default\BuildProfile.ets cache by regenerate.
[2024-07-10T14:27:53.835] [DEBUG] debug-file - Update task entry:default@PackageHap output file:C:\Users\eastx\Documents\work\OHOS-Top3\entry\build\default\outputs\default\entry-default-unsigned.hap cache.
[2024-07-10T14:27:53.835] [DEBUG] debug-file - Update task entry:default@PackageHap output file:C:\Users\eastx\Documents\work\OHOS-Top3\entry\build\default\outputs\default\mapping\sourceMaps.map cache.
[2024-07-10T14:27:53.835] [DEBUG] debug-file - Incremental task entry:default@PackageHap post-execution cost:9 ms .
[2024-07-10T14:27:53.835] [DEBUG] debug-file - Update task entry:default@SignHap input file:C:\Users\eastx\Documents\work\OHOS-Top3\entry\build\default\outputs\default\entry-default-unsigned.hap cache by regenerate.
[2024-07-10T14:27:53.835] [DEBUG] debug-file - Update task entry:default@SignHap output file:C:\Users\eastx\Documents\work\OHOS-Top3\entry\build\default\outputs\default\entry-default-signed.hap cache.
[2024-07-10T14:27:53.836] [DEBUG] debug-file - Incremental task entry:default@SignHap post-execution cost:1 ms .
